<?xml version="1.0" encoding="UTF-8"?>
<!-- Generated by org.testng.reporters.JUnitReportReporter -->
<testsuite hostname="MAA12-CG41816LD" failures="0" tests="1" name="com.Maven_Project.dropdown_Test" time="1.754" errors="0" timestamp="2025-02-09T11:45:17 IST" skipped="0">
  <testcase classname="com.Maven_Project.dropdown_Test" name="dropdown" time="1.754"/>
  <system-out/>
</testsuite> <!-- com.Maven_Project.dropdown_Test -->
