<?xml version="1.0" encoding="UTF-8"?>
<!-- Generated by org.testng.reporters.JUnitReportReporter -->
<testsuite hostname="MAA12-CG41816LD" failures="0" tests="1" name="com.Maven_Project.Demo_Test" time="8.524" errors="0" timestamp="2025-01-26T11:06:12 IST" skipped="0">
  <testcase classname="com.Maven_Project.Demo_Test" name="test_case" time="8.524"/>
  <system-out/>
</testsuite> <!-- com.Maven_Project.Demo_Test -->
