<?xml version="1.0" encoding="UTF-8"?>
<!-- Generated by org.testng.reporters.JUnitReportReporter -->
<testsuite hostname="MAA12-CG41816LD" failures="0" tests="2" name="com.Maven_Project.Actions_Test" time="2.739" errors="0" timestamp="2025-02-09T12:28:39 IST" skipped="0">
  <testcase classname="com.Maven_Project.Actions_Test" name="Mouse_Right_Click" time="0.193"/>
  <system-out/>
  <testcase classname="com.Maven_Project.Actions_Test" name="Mouse_Double_Click" time="2.546"/>
  <system-out/>
</testsuite> <!-- com.Maven_Project.Actions_Test -->
