<?xml version="1.0" encoding="UTF-8"?>
<!-- Generated by org.testng.reporters.JUnitReportReporter -->
<testsuite hostname="MAA12-CG41816LD" failures="0" tests="1" name="com.Maven_Project.Sample_Program" time="13.376" errors="0" timestamp="2025-02-15T11:40:08 IST" skipped="0">
  <testcase classname="com.Maven_Project.Sample_Program" name="testcase" time="13.376"/>
  <system-out/>
</testsuite> <!-- com.Maven_Project.Sample_Program -->
