<?xml version="1.0" encoding="UTF-8"?>
<!-- Generated by org.testng.reporters.JUnitReportReporter -->
<testsuite hostname="MAA12-CG41816LD" failures="0" tests="1" name="com.Maven_Project.Scroll_Test" time="2.043" errors="0" timestamp="2025-02-09T13:02:11 IST" skipped="0">
  <testcase classname="com.Maven_Project.Scroll_Test" name="ScrollTop_Bopttom" time="2.043"/>
  <system-out/>
</testsuite> <!-- com.Maven_Project.Scroll_Test -->
